[2026-06-11T01:00:01Z] === Morning Routine ===
[2026-06-11T01:00:01Z] → Dreamer digest: morning
Postcard:   digest/20260611_090001-morning.md
Retro:      retrospectives/20260611_090001-morning.md

# Dreamer Digest (morning)
**Date:** 2026-06-11 09:00:01
**Board:** 2 items | 0 ready | 2 watching | 0 ghosts | 0 active
**Sprint lock:** None

Nothing ready. Watching and waiting.

## Recent Walks
- tend-the-room: 3 observations
- pure-tangent: 3 observations
- drift-from-research: 3 observations
- continue-project: 3 observations
- tend-the-room: 3 observations

## Fascinations
- Topic
- ---

[2026-06-11T01:00:01Z] → System health:
[2026-06-11T01:00:01Z]   ✅ fasol-exporter
[2026-06-11T01:00:01Z]   ✅ fasol-scanner
[2026-06-11T01:00:01Z] → Pending follow-ups:
⚠️  1 OVERDUE — check NOW:
  ADDRESS              SYMBOL     MC_ALERT     SCHEDULED     
  ────────────────────────────────────────────────────────
  FAKE_TOKEN_ADDRESS   FAKE       $0         06-11 02:43   
     → checkpoint check FAKE_TOKEN_A... --outcome pump|dump|flat

📅 1 upcoming:
  3vYrnhSzsc3Qq2NKpd              $0         in 16h
[2026-06-11T01:00:01Z] → Snapshots:
total 16
-rw-r--r-- 1 root root 3408 Jun 11 06:00 2026-06-11-scalp.json
-rw-r--r-- 1 root root  387 Jun 11 06:00 2026-06-11-cluster.json
[2026-06-11T01:00:01Z] → Market regime:
Market regime snapshot for 2026-06-11
   RKC MC: $1516317.91
   RKC Score: 63/100
   Growth Prob: 57%
✅ Daily market regime update complete.
[2026-06-11T01:00:03Z] === Morning Routine Complete ===
[2026-06-12T01:00:01Z] === Morning Routine ===
[2026-06-12T01:00:01Z] → Dreamer digest: morning
Postcard:   digest/20260612_090002-morning.md
Retro:      retrospectives/20260612_090002-morning.md

# Dreamer Digest (morning)
**Date:** 2026-06-12 09:00:02
**Board:** 2 items | 0 ready | 2 watching | 0 ghosts | 0 active
**Sprint lock:** None

Nothing ready. Watching and waiting.

## Recent Walks
- tend-the-room: 3 observations
- pure-tangent: 3 observations
- continue-project: 3 observations
- drift-from-research: 3 observations
- tend-the-room: 3 observations

## Fascinations
- Topic
- ---

[2026-06-12T01:00:02Z] → System health:
[2026-06-12T01:00:02Z]   ✅ fasol-exporter
[2026-06-12T01:00:02Z]   ✅ fasol-scanner
[2026-06-12T01:00:02Z] → Pending follow-ups:
⚠️  2 OVERDUE — check NOW:
  ADDRESS              SYMBOL     MC_ALERT     SCHEDULED     
  ────────────────────────────────────────────────────────
  FAKE_TOKEN_ADDRESS   FAKE       $0         06-11 02:43   
     → checkpoint check FAKE_TOKEN_A... --outcome pump|dump|flat
  3vYrnhSzsc3Qq2NKpd              $0         06-12 01:29   
     → checkpoint check 3vYrnhSzsc3Q... --outcome pump|dump|flat

📅 1 upcoming:
  3vYrnhSzsc3QDaXqeD   Puffy      $0         in 10h
[2026-06-12T01:00:02Z] → Snapshots:
total 24
-rw-r--r-- 1 root root 1014 Jun 12 06:00 2026-06-12-scalp.json
-rw-r--r-- 1 root root  372 Jun 12 06:00 2026-06-12-cluster.json
[2026-06-12T01:00:02Z] → Market regime:
Market regime snapshot for 2026-06-12
   RKC MC: $2084050.76
   RKC Score: 63/100
   Growth Prob: 57%
✅ Daily market regime update complete.
[2026-06-12T01:00:03Z] === Morning Routine Complete ===
[2026-06-13T01:00:01Z] === Morning Routine ===
[2026-06-13T01:00:01Z] → Dreamer digest: morning
Postcard:   digest/20260613_090001-morning.md
Retro:      retrospectives/20260613_090001-morning.md

# Dreamer Digest (morning)
**Date:** 2026-06-13 09:00:01
**Board:** 2 items | 0 ready | 2 watching | 0 ghosts | 0 active
**Sprint lock:** None

Nothing ready. Watching and waiting.

## Recent Walks
- tend-the-room: 3 observations
- pure-tangent: 3 observations
- continue-project: 3 observations
- drift-from-research: 3 observations
- tend-the-room: 3 observations

## Fascinations
- Topic
- ---

[2026-06-13T01:00:01Z] → System health:
[2026-06-13T01:00:02Z]   ✅ fasol-exporter
[2026-06-13T01:00:02Z]   ✅ fasol-scanner
[2026-06-13T01:00:02Z] → Pending follow-ups:
⚠️  3 OVERDUE — check NOW:
  ADDRESS              SYMBOL     MC_ALERT     SCHEDULED     
  ────────────────────────────────────────────────────────
  FAKE_TOKEN_ADDRESS   FAKE       $0         06-11 02:43   
     → checkpoint check FAKE_TOKEN_A... --outcome pump|dump|flat
  3vYrnhSzsc3Qq2NKpd              $0         06-12 01:29   
     → checkpoint check 3vYrnhSzsc3Q... --outcome pump|dump|flat
  3vYrnhSzsc3QDaXqeD   Puffy      $0         06-12 19:32   
     → checkpoint check 3vYrnhSzsc3Q... --outcome pump|dump|flat

📅 1 upcoming:
  3vYrnhSzsc3Qq2NKpd              $0         in 16h
[2026-06-13T01:00:02Z] → Snapshots:
total 32
-rw-r--r-- 1 root root  700 Jun 13 06:00 2026-06-13-scalp.json
-rw-r--r-- 1 root root  379 Jun 13 06:00 2026-06-13-cluster.json
[2026-06-13T01:00:02Z] → Market regime:
Market regime snapshot for 2026-06-13
   RKC MC: $2019513.53
   RKC Score: 63/100
   Growth Prob: 56%
✅ Daily market regime update complete.
[2026-06-13T01:00:03Z] === Morning Routine Complete ===
[2026-06-14T01:00:02Z] === Morning Routine ===
[2026-06-14T01:00:02Z] → Dreamer digest: morning
Postcard:   digest/20260614_090002-morning.md
Retro:      retrospectives/20260614_090002-morning.md

# Dreamer Digest (morning)
**Date:** 2026-06-14 09:00:02
**Board:** 2 items | 0 ready | 2 watching | 0 ghosts | 0 active
**Sprint lock:** None

Nothing ready. Watching and waiting.

## Recent Walks
- tend-the-room: 3 observations
- pure-tangent: 3 observations
- drift-from-research: 3 observations
- continue-project: 3 observations
- tend-the-room: 3 observations

## Fascinations
- Topic
- ---

[2026-06-14T01:00:02Z] → System health:
[2026-06-14T01:00:02Z]   ✅ fasol-exporter
[2026-06-14T01:00:02Z]   ✅ fasol-scanner
[2026-06-14T01:00:02Z] → Pending follow-ups:
⚠️  4 OVERDUE — check NOW:
  ADDRESS              SYMBOL     MC_ALERT     SCHEDULED     
  ────────────────────────────────────────────────────────
  FAKE_TOKEN_ADDRESS   FAKE       $0         06-11 02:43   
     → checkpoint check FAKE_TOKEN_A... --outcome pump|dump|flat
  3vYrnhSzsc3Qq2NKpd              $0         06-12 01:29   
     → checkpoint check 3vYrnhSzsc3Q... --outcome pump|dump|flat
  3vYrnhSzsc3QDaXqeD   Puffy      $0         06-12 19:32   
     → checkpoint check 3vYrnhSzsc3Q... --outcome pump|dump|flat
  3vYrnhSzsc3Qq2NKpd              $0         06-14 01:29   
     → checkpoint check 3vYrnhSzsc3Q... --outcome pump|dump|flat
[2026-06-14T01:00:02Z] → Snapshots:
total 40
-rw-r--r-- 1 root root  682 Jun 14 06:00 2026-06-14-scalp.json
-rw-r--r-- 1 root root  386 Jun 14 06:00 2026-06-14-cluster.json
[2026-06-14T01:00:02Z] → Market regime:
Market regime snapshot for 2026-06-14
   RKC MC: $1723911.39
   RKC Score: 66/100
   Growth Prob: 61%
✅ Daily market regime update complete.
[2026-06-14T01:00:03Z] === Morning Routine Complete ===
[2026-06-15T01:00:01Z] === Morning Routine ===
[2026-06-15T01:00:01Z] → Dreamer digest: morning
Postcard:   digest/20260615_090001-morning.md
Retro:      retrospectives/20260615_090001-morning.md

# Dreamer Digest (morning)
**Date:** 2026-06-15 09:00:01
**Board:** 2 items | 0 ready | 2 watching | 0 ghosts | 0 active
**Sprint lock:** None

Nothing ready. Watching and waiting.

## Recent Walks
- tend-the-room: 3 observations
- pure-tangent: 3 observations
- drift-from-research: 3 observations
- continue-project: 3 observations
- tend-the-room: 3 observations

## Fascinations
- Topic
- ---

[2026-06-15T01:00:01Z] → System health:
[2026-06-15T01:00:01Z]   ✅ fasol-exporter
[2026-06-15T01:00:01Z]   ✅ fasol-scanner
[2026-06-15T01:00:01Z] → Pending follow-ups:
⚠️  4 OVERDUE — check NOW:
  ADDRESS              SYMBOL     MC_ALERT     SCHEDULED     
  ────────────────────────────────────────────────────────
  FAKE_TOKEN_ADDRESS   FAKE       $0         06-11 02:43   
     → checkpoint check FAKE_TOKEN_A... --outcome pump|dump|flat
  3vYrnhSzsc3Qq2NKpd              $0         06-12 01:29   
     → checkpoint check 3vYrnhSzsc3Q... --outcome pump|dump|flat
  3vYrnhSzsc3QDaXqeD   Puffy      $0         06-12 19:32   
     → checkpoint check 3vYrnhSzsc3Q... --outcome pump|dump|flat
  3vYrnhSzsc3Qq2NKpd              $0         06-14 01:29   
     → checkpoint check 3vYrnhSzsc3Q... --outcome pump|dump|flat
[2026-06-15T01:00:01Z] → Snapshots:
total 48
-rw-r--r-- 1 root root 1035 Jun 15 06:00 2026-06-15-scalp.json
-rw-r--r-- 1 root root  422 Jun 15 06:00 2026-06-15-cluster.json
[2026-06-15T01:00:01Z] → Market regime:
✅ Daily market regime update complete.
[2026-06-15T01:00:03Z] === Morning Routine Complete ===
[2026-06-16T01:00:02Z] === Morning Routine ===
[2026-06-16T01:00:02Z] → Dreamer digest: morning
Postcard:   digest/20260616_090002-morning.md
Retro:      retrospectives/20260616_090002-morning.md

# Dreamer Digest (morning)
**Date:** 2026-06-16 09:00:02
**Board:** 2 items | 0 ready | 2 watching | 0 ghosts | 0 active
**Sprint lock:** None

Nothing ready. Watching and waiting.

## Recent Walks
- tend-the-room: 3 observations
- pure-tangent: 3 observations
- continue-project: 3 observations
- drift-from-research: 3 observations
- tend-the-room: 3 observations

## Fascinations
- Topic
- ---

[2026-06-16T01:00:02Z] → System health:
[2026-06-16T01:00:02Z]   ✅ fasol-exporter
[2026-06-16T01:00:02Z]   ✅ fasol-scanner
[2026-06-16T01:00:02Z] → Pending follow-ups:
⚠️  4 OVERDUE — check NOW:
  ADDRESS              SYMBOL     MC_ALERT     SCHEDULED     
  ────────────────────────────────────────────────────────
  FAKE_TOKEN_ADDRESS   FAKE       $0         06-11 02:43   
     → checkpoint check FAKE_TOKEN_A... --outcome pump|dump|flat
  3vYrnhSzsc3Qq2NKpd              $0         06-12 01:29   
     → checkpoint check 3vYrnhSzsc3Q... --outcome pump|dump|flat
  3vYrnhSzsc3QDaXqeD   Puffy      $0         06-12 19:32   
     → checkpoint check 3vYrnhSzsc3Q... --outcome pump|dump|flat
  3vYrnhSzsc3Qq2NKpd              $0         06-14 01:29   
     → checkpoint check 3vYrnhSzsc3Q... --outcome pump|dump|flat
[2026-06-16T01:00:03Z] → Snapshots:
total 56
-rw-r--r-- 1 root root  700 Jun 16 06:00 2026-06-16-scalp.json
-rw-r--r-- 1 root root  415 Jun 16 06:00 2026-06-16-cluster.json
[2026-06-16T01:00:03Z] → Market regime:
✅ Daily market regime update complete.
[2026-06-16T01:00:04Z] === Morning Routine Complete ===
[2026-06-17T01:00:01Z] === Morning Routine ===
[2026-06-17T01:00:01Z] → Dreamer digest: morning
Postcard:   digest/20260617_090001-morning.md
Retro:      retrospectives/20260617_090001-morning.md

# Dreamer Digest (morning)
**Date:** 2026-06-17 09:00:01
**Board:** 2 items | 0 ready | 2 watching | 0 ghosts | 0 active
**Sprint lock:** None

Nothing ready. Watching and waiting.

## Recent Walks
- tend-the-room: 3 observations
- pure-tangent: 3 observations
- drift-from-research: 3 observations
- continue-project: 3 observations
- tend-the-room: 3 observations

## Fascinations
- Topic
- ---

[2026-06-17T01:00:01Z] → System health:
[2026-06-17T01:00:01Z]   ✅ fasol-exporter
[2026-06-17T01:00:01Z]   ✅ fasol-scanner
[2026-06-17T01:00:01Z] → Pending follow-ups:
⚠️  4 OVERDUE — check NOW:
  ADDRESS              SYMBOL     MC_ALERT     SCHEDULED     
  ────────────────────────────────────────────────────────
  FAKE_TOKEN_ADDRESS   FAKE       $0         06-11 02:43   
     → checkpoint check FAKE_TOKEN_A... --outcome pump|dump|flat
  3vYrnhSzsc3Qq2NKpd              $0         06-12 01:29   
     → checkpoint check 3vYrnhSzsc3Q... --outcome pump|dump|flat
  3vYrnhSzsc3QDaXqeD   Puffy      $0         06-12 19:32   
     → checkpoint check 3vYrnhSzsc3Q... --outcome pump|dump|flat
  3vYrnhSzsc3Qq2NKpd              $0         06-14 01:29   
     → checkpoint check 3vYrnhSzsc3Q... --outcome pump|dump|flat
[2026-06-17T01:00:02Z] → Snapshots:
total 64
-rw-r--r-- 1 root root 3086 Jun 17 06:00 2026-06-17-scalp.json
-rw-r--r-- 1 root root  391 Jun 17 06:00 2026-06-17-cluster.json
[2026-06-17T01:00:02Z] → Market regime:
✅ Daily market regime update complete.
[2026-06-17T01:00:03Z] === Morning Routine Complete ===
[2026-06-18T01:00:01Z] === Morning Routine ===
[2026-06-18T01:00:01Z] → Dreamer digest: morning
Postcard:   digest/20260618_090002-morning.md
Retro:      retrospectives/20260618_090002-morning.md

# Dreamer Digest (morning)
**Date:** 2026-06-18 09:00:02
**Board:** 2 items | 0 ready | 2 watching | 0 ghosts | 0 active
**Sprint lock:** None

Nothing ready. Watching and waiting.

## Recent Walks
- tend-the-room: 3 observations
- pure-tangent: 3 observations
- drift-from-research: 3 observations
- continue-project: 3 observations
- tend-the-room: 3 observations

## Fascinations
- Topic
- ---

[2026-06-18T01:00:02Z] → System health:
[2026-06-18T01:00:02Z]   ✅ fasol-exporter
[2026-06-18T01:00:02Z]   ✅ fasol-scanner
[2026-06-18T01:00:02Z] → Pending follow-ups:
⚠️  4 OVERDUE — check NOW:
  ADDRESS              SYMBOL     MC_ALERT     SCHEDULED     
  ────────────────────────────────────────────────────────
  FAKE_TOKEN_ADDRESS   FAKE       $0         06-11 02:43   
     → checkpoint check FAKE_TOKEN_A... --outcome pump|dump|flat
  3vYrnhSzsc3Qq2NKpd              $0         06-12 01:29   
     → checkpoint check 3vYrnhSzsc3Q... --outcome pump|dump|flat
  3vYrnhSzsc3QDaXqeD   Puffy      $0         06-12 19:32   
     → checkpoint check 3vYrnhSzsc3Q... --outcome pump|dump|flat
  3vYrnhSzsc3Qq2NKpd              $0         06-14 01:29   
     → checkpoint check 3vYrnhSzsc3Q... --outcome pump|dump|flat
[2026-06-18T01:00:02Z] → Snapshots:
total 72
-rw-r--r-- 1 root root 1041 Jun 18 06:00 2026-06-18-scalp.json
-rw-r--r-- 1 root root  413 Jun 18 06:00 2026-06-18-cluster.json
[2026-06-18T01:00:02Z] → Market regime:
✅ Daily market regime update complete.
[2026-06-18T01:00:04Z] === Morning Routine Complete ===
[2026-06-19T01:00:01Z] === Morning Routine ===
[2026-06-19T01:00:01Z] → Dreamer digest: morning
Postcard:   digest/20260619_090001-morning.md
Retro:      retrospectives/20260619_090001-morning.md

# Dreamer Digest (morning)
**Date:** 2026-06-19 09:00:01
**Board:** 2 items | 0 ready | 2 watching | 0 ghosts | 0 active
**Sprint lock:** None

Nothing ready. Watching and waiting.

## Recent Walks
- tend-the-room: 3 observations
- pure-tangent: 3 observations
- drift-from-research: 3 observations
- continue-project: 3 observations
- tend-the-room: 3 observations

## Fascinations
- Topic
- ---

[2026-06-19T01:00:01Z] → System health:
[2026-06-19T01:00:01Z]   ✅ fasol-exporter
[2026-06-19T01:00:01Z]   ✅ fasol-scanner
[2026-06-19T01:00:01Z] → Pending follow-ups:
⚠️  4 OVERDUE — check NOW:
  ADDRESS              SYMBOL     MC_ALERT     SCHEDULED     
  ────────────────────────────────────────────────────────
  FAKE_TOKEN_ADDRESS   FAKE       $0         06-11 02:43   
     → checkpoint check FAKE_TOKEN_A... --outcome pump|dump|flat
  3vYrnhSzsc3Qq2NKpd              $0         06-12 01:29   
     → checkpoint check 3vYrnhSzsc3Q... --outcome pump|dump|flat
  3vYrnhSzsc3QDaXqeD   Puffy      $0         06-12 19:32   
     → checkpoint check 3vYrnhSzsc3Q... --outcome pump|dump|flat
  3vYrnhSzsc3Qq2NKpd              $0         06-14 01:29   
     → checkpoint check 3vYrnhSzsc3Q... --outcome pump|dump|flat
[2026-06-19T01:00:01Z] → Snapshots:
total 80
-rw-r--r-- 1 root root  702 Jun 19 06:00 2026-06-19-scalp.json
-rw-r--r-- 1 root root  416 Jun 19 06:00 2026-06-19-cluster.json
[2026-06-19T01:00:02Z] → Market regime:
✅ Daily market regime update complete.
[2026-06-19T01:00:03Z] === Morning Routine Complete ===
[2026-06-20T01:00:01Z] === Morning Routine ===
[2026-06-20T01:00:01Z] → Dreamer digest: morning
Postcard:   digest/20260620_090001-morning.md
Retro:      retrospectives/20260620_090001-morning.md

# Dreamer Digest (morning)
**Date:** 2026-06-20 09:00:01
**Board:** 2 items | 0 ready | 2 watching | 0 ghosts | 0 active
**Sprint lock:** None

Nothing ready. Watching and waiting.

## Recent Walks
- tend-the-room: 3 observations
- pure-tangent: 3 observations
- drift-from-research: 3 observations
- continue-project: 3 observations
- tend-the-room: 3 observations

## Fascinations
- Topic
- ---

[2026-06-20T01:00:01Z] → System health:
[2026-06-20T01:00:01Z]   ✅ fasol-exporter
[2026-06-20T01:00:01Z]   ✅ fasol-scanner
[2026-06-20T01:00:01Z] → Pending follow-ups:
⚠️  4 OVERDUE — check NOW:
  ADDRESS              SYMBOL     MC_ALERT     SCHEDULED     
  ────────────────────────────────────────────────────────
  FAKE_TOKEN_ADDRESS   FAKE       $0         06-11 02:43   
     → checkpoint check FAKE_TOKEN_A... --outcome pump|dump|flat
  3vYrnhSzsc3Qq2NKpd              $0         06-12 01:29   
     → checkpoint check 3vYrnhSzsc3Q... --outcome pump|dump|flat
  3vYrnhSzsc3QDaXqeD   Puffy      $0         06-12 19:32   
     → checkpoint check 3vYrnhSzsc3Q... --outcome pump|dump|flat
  3vYrnhSzsc3Qq2NKpd              $0         06-14 01:29   
     → checkpoint check 3vYrnhSzsc3Q... --outcome pump|dump|flat
[2026-06-20T01:00:01Z] → Snapshots:
total 88
-rw-r--r-- 1 root root 1379 Jun 20 06:00 2026-06-20-scalp.json
-rw-r--r-- 1 root root  423 Jun 20 06:00 2026-06-20-cluster.json
[2026-06-20T01:00:01Z] → Market regime:
✅ Daily market regime update complete.
[2026-06-20T01:00:03Z] === Morning Routine Complete ===
[2026-06-21T01:00:01Z] === Morning Routine ===
[2026-06-21T01:00:01Z] → Dreamer digest: morning
[2026-06-21T01:00:02Z] → System health:
[2026-06-21T01:00:02Z]   ✅ fasol-exporter
[2026-06-21T01:00:02Z]   ❌ fasol-scanner DOWN
[2026-06-21T01:00:02Z] → Pending follow-ups:
[2026-06-21T01:00:02Z] → Snapshots:
total 96
-rw-r--r-- 1 root root 1733 Jun 21 06:00 2026-06-21-scalp.json
-rw-r--r-- 1 root root  470 Jun 21 06:00 2026-06-21-cluster.json
[2026-06-21T01:00:02Z] → Market regime:
✅ Daily market regime update complete.
[2026-06-21T01:00:04Z] === Morning Routine Complete ===
[2026-06-22T01:00:01Z] === Morning Routine ===
[2026-06-22T01:00:01Z] → Dreamer digest: morning
Postcard:   digest/20260622_090001-morning.md
Retro:      retrospectives/20260622_090001-morning.md

# Dreamer Digest (morning)
**Date:** 2026-06-22 09:00:01
**Board:** 2 items | 0 ready | 2 watching | 0 ghosts | 0 active
**Sprint lock:** None

Nothing ready. Watching and waiting.

## Recent Walks
- tend-the-room: 3 observations
- pure-tangent: 3 observations
- drift-from-research: 3 observations
- continue-project: 3 observations
- drift-from-research: 0 observations

## Fascinations
- Topic
- ---

[2026-06-22T01:00:01Z] → System health:
[2026-06-22T01:00:01Z]   ✅ fasol-exporter
[2026-06-22T01:00:01Z]   ✅ fasol-scanner
[2026-06-22T01:00:01Z] → Pending follow-ups:
⚠️  4 OVERDUE — check NOW:
  ADDRESS              SYMBOL     MC_ALERT     SCHEDULED     
  ────────────────────────────────────────────────────────
  FAKE_TOKEN_ADDRESS   FAKE       $0         06-11 02:43   
     → checkpoint check FAKE_TOKEN_A... --outcome pump|dump|flat
  3vYrnhSzsc3Qq2NKpd              $0         06-12 01:29   
     → checkpoint check 3vYrnhSzsc3Q... --outcome pump|dump|flat
  3vYrnhSzsc3QDaXqeD   Puffy      $0         06-12 19:32   
     → checkpoint check 3vYrnhSzsc3Q... --outcome pump|dump|flat
  3vYrnhSzsc3Qq2NKpd              $0         06-14 01:29   
     → checkpoint check 3vYrnhSzsc3Q... --outcome pump|dump|flat
[2026-06-22T01:00:01Z] → Snapshots:
total 104
-rw-r--r-- 1 root root  699 Jun 22 06:00 2026-06-22-scalp.json
-rw-r--r-- 1 root root  429 Jun 22 06:00 2026-06-22-cluster.json
[2026-06-22T01:00:01Z] → Market regime:
✅ Daily market regime update complete.
[2026-06-22T01:04:32Z] === Morning Routine Complete ===
[2026-06-23T01:00:02Z] === Morning Routine ===
[2026-06-23T01:00:02Z] → Dreamer digest: morning
[2026-06-23T01:00:02Z] → System health:
[2026-06-23T01:00:02Z]   ✅ fasol-exporter
[2026-06-23T01:00:02Z]   ❌ fasol-scanner DOWN
[2026-06-23T01:00:02Z] → Pending follow-ups:
[2026-06-23T01:00:03Z] → Snapshots:
total 112
-rw-r--r-- 1 root root  692 Jun 23 06:00 2026-06-23-scalp.json
-rw-r--r-- 1 root root  408 Jun 23 06:00 2026-06-23-cluster.json
[2026-06-23T01:00:03Z] → Market regime:
✅ Daily market regime update complete.
[2026-06-23T01:04:33Z] === Morning Routine Complete ===
[2026-06-24T01:00:02Z] === Morning Routine ===
[2026-06-24T01:00:02Z] → Dreamer digest: morning
[2026-06-24T01:00:02Z] → System health:
[2026-06-24T01:00:02Z]   ✅ fasol-exporter
[2026-06-24T01:00:02Z]   ❌ fasol-scanner DOWN
[2026-06-24T01:00:02Z] → Pending follow-ups:
[2026-06-24T01:00:02Z] → Snapshots:
total 120
-rw-r--r-- 1 root root 2065 Jun 24 06:00 2026-06-24-scalp.json
-rw-r--r-- 1 root root  414 Jun 24 06:00 2026-06-24-cluster.json
[2026-06-24T01:00:02Z] → Market regime:
✅ Daily market regime update complete.
[2026-06-24T01:00:04Z] === Morning Routine Complete ===
[2026-06-25T01:00:01Z] === Morning Routine ===
[2026-06-25T01:00:01Z] → Dreamer digest: morning
[2026-06-25T01:00:02Z] → System health:
[2026-06-25T01:00:02Z]   ✅ fasol-exporter
[2026-06-25T01:00:02Z]   ❌ fasol-scanner DOWN
[2026-06-25T01:00:02Z] → Pending follow-ups:
[2026-06-25T01:00:02Z] → Snapshots:
total 120
-rw-r--r-- 1 root root    0 Jun 25 06:00 2026-06-25-cluster.json
-rw-r--r-- 1 root root 1378 Jun 24 18:00 2026-06-24-scalp.json
[2026-06-25T01:00:02Z] → Market regime:
✅ Daily market regime update complete.
[2026-06-25T01:00:04Z] === Morning Routine Complete ===
[2026-06-26T01:00:01Z] === Morning Routine ===
[2026-06-26T01:00:01Z] → Dreamer digest: morning
[2026-06-26T01:00:02Z] → System health:
[2026-06-26T01:00:02Z]   ✅ fasol-exporter
[2026-06-26T01:00:02Z]   ❌ fasol-scanner DOWN
[2026-06-26T01:00:02Z] → Pending follow-ups:
[2026-06-26T01:00:02Z] → Snapshots:
total 136
-rw-r--r-- 1 root root 3104 Jun 26 06:00 2026-06-26-scalp.json
-rw-r--r-- 1 root root  476 Jun 26 06:00 2026-06-26-cluster.json
[2026-06-26T01:00:02Z]   no snapshots
[2026-06-26T01:00:02Z] → Market regime:
✅ Daily market regime update complete.
[2026-06-26T01:00:04Z]   ⚠️ market regime failed
[2026-06-26T01:00:04Z] === Morning Routine Complete ===
[2026-06-27T01:00:02Z] === Morning Routine ===
[2026-06-27T01:00:02Z] → Dreamer digest: morning
[2026-06-27T01:00:02Z] → System health:
[2026-06-27T01:00:02Z]   ✅ fasol-exporter
[2026-06-27T01:00:02Z]   ❌ fasol-scanner DOWN
[2026-06-27T01:00:02Z] → Pending follow-ups:
[2026-06-27T01:00:03Z] → Snapshots:
total 144
-rw-r--r-- 1 root root  358 Jun 27 06:00 2026-06-27-scalp.json
-rw-r--r-- 1 root root  415 Jun 27 06:00 2026-06-27-cluster.json
[2026-06-27T01:00:03Z]   no snapshots
[2026-06-27T01:00:03Z] → Market regime:
✅ Daily market regime update complete.
[2026-06-27T01:00:04Z]   ⚠️ market regime failed
[2026-06-27T01:00:04Z] === Morning Routine Complete ===
[2026-06-28T01:00:01Z] === Morning Routine ===
[2026-06-28T01:00:01Z] → Dreamer digest: morning
[2026-06-28T01:00:01Z] → System health:
[2026-06-28T01:00:01Z]   ✅ fasol-exporter
[2026-06-28T01:00:01Z]   ❌ fasol-scanner DOWN
[2026-06-28T01:00:01Z] → Pending follow-ups:
[2026-06-28T01:00:02Z] → Snapshots:
total 144
-rw-r--r-- 1 root root  358 Jun 27 06:00 2026-06-27-scalp.json
-rw-r--r-- 1 root root  415 Jun 27 06:00 2026-06-27-cluster.json
[2026-06-28T01:00:02Z]   no snapshots
[202